<?xml version="1.0" encoding="UTF-8"?>
<testsuite name="com.example.cruddemo.BookControllerTest" tests="2" skipped="0" failures="0" errors="0" timestamp="2023-03-31T01:06:57" hostname="ashraful-ThinkPad-T460s" time="0.589">
  <properties/>
  <testcase name="testGetAllBooks()" classname="com.example.cruddemo.BookControllerTest" time="0.494"/>
  <testcase name="testGetById()" classname="com.example.cruddemo.BookControllerTest" time="0.079"/>
  <system-out><![CDATA[02:06:53.950 [Test worker] DEBUG org.springframework.boot.test.autoconfigure.web.servlet.WebMvcTestContextBootstrapper -- Neither @ContextConfiguration nor @ContextHierarchy found for test class [BookControllerTest]: using SpringBootContextLoader
02:06:53.976 [Test worker] DEBUG org.springframework.test.context.support.AbstractContextLoader -- Could not detect default resource locations for test class [com.example.cruddemo.BookControllerTest]: no resource found for suffixes {-context.xml, Context.groovy}.
02:06:53.978 [Test worker] INFO org.springframework.test.context.support.AnnotationConfigContextLoaderUtils -- Could not detect default configuration classes for test class [com.example.cruddemo.BookControllerTest]: BookControllerTest does not declare any static, non-private, non-final, nested classes annotated with @Configuration.
02:06:54.129 [Test worker] DEBUG org.springframework.boot.test.autoconfigure.web.servlet.WebMvcTestContextBootstrapper -- Using ContextCustomizers for test class [BookControllerTest]: [DisableAutoConfigurationContextCustomizer, DisableObservabilityContextCustomizer, TypeExcludeFiltersContextCustomizer, PropertyMappingContextCustomizer, Customizer, ImportsContextCustomizer, ExcludeFilterContextCustomizer, DuplicateJsonObjectContextCustomizer, MockitoContextCustomizer]
02:06:54.270 [Test worker] DEBUG org.springframework.context.annotation.ClassPathScanningCandidateComponentProvider -- Identified candidate component class: file [/opt/user/ashraful.islam/pondit/spring-boot-crud-project/build/classes/java/main/com/example/cruddemo/CrudDemoApplication.class]
02:06:54.272 [Test worker] INFO org.springframework.boot.test.context.SpringBootTestContextBootstrapper -- Found @SpringBootConfiguration com.example.cruddemo.CrudDemoApplication for test class com.example.cruddemo.BookControllerTest
02:06:54.316 [Test worker] DEBUG org.springframework.boot.test.autoconfigure.web.servlet.WebMvcTestContextBootstrapper -- Using TestExecutionListeners for test class [BookControllerTest]: [ServletTestExecutionListener, DirtiesContextBeforeModesTestExecutionListener, ApplicationEventsTestExecutionListener, MockitoTestExecutionListener, DependencyInjectionTestExecutionListener, DirtiesContextTestExecutionListener, TransactionalTestExecutionListener, SqlScriptsTestExecutionListener, EventPublishingTestExecutionListener, RestDocsTestExecutionListener, MockRestServiceServerResetTestExecutionListener, MockMvcPrintOnlyOnFailureTestExecutionListener, WebDriverTestExecutionListener, MockWebServiceServerTestExecutionListener, ResetMocksTestExecutionListener]
02:06:54.318 [Test worker] DEBUG org.springframework.test.context.support.AbstractDirtiesContextTestExecutionListener -- Before test class: class [BookControllerTest], class annotated with @DirtiesContext [false] with mode [null]
02:06:55.101 [Test worker] DEBUG org.springframework.test.context.support.DependencyInjectionTestExecutionListener -- Performing dependency injection for test class com.example.cruddemo.BookControllerTest

  .   ____          _            __ _ _
 /\\ / ___'_ __ _ _(_)_ __  __ _ \ \ \ \
( ( )\___ | '_ | '_| | '_ \/ _` | \ \ \ \
 \\/  ___)| |_)| | | | | || (_| |  ) ) ) )
  '  |____| .__|_| |_|_| |_\__, | / / / /
 =========|_|==============|___/=/_/_/_/
 :: Spring Boot ::                (v3.0.5)

2023-03-31T02:06:55.724+01:00  INFO 114986 --- [    Test worker] c.example.cruddemo.BookControllerTest    : Starting BookControllerTest using Java 17.0.1 with PID 114986 (started by ashraful in /opt/user/ashraful.islam/pondit/spring-boot-crud-project)
2023-03-31T02:06:55.737+01:00  INFO 114986 --- [    Test worker] c.example.cruddemo.BookControllerTest    : No active profile set, falling back to 1 default profile: "default"
2023-03-31T02:06:57.531+01:00  INFO 114986 --- [    Test worker] o.s.b.t.m.w.SpringBootMockServletContext : Initializing Spring TestDispatcherServlet ''
2023-03-31T02:06:57.535+01:00  INFO 114986 --- [    Test worker] o.s.t.web.servlet.TestDispatcherServlet  : Initializing Servlet ''
2023-03-31T02:06:57.543+01:00  INFO 114986 --- [    Test worker] o.s.t.web.servlet.TestDispatcherServlet  : Completed initialization in 2 ms
2023-03-31T02:06:57.616+01:00  INFO 114986 --- [    Test worker] c.example.cruddemo.BookControllerTest    : Started BookControllerTest in 2.451 seconds (process running for 5.16)
2023-03-31T02:06:57.735+01:00  INFO 114986 --- [    Test worker] o.s.mock.web.MockServletContext          : Initializing Spring TestDispatcherServlet ''
2023-03-31T02:06:57.737+01:00  INFO 114986 --- [    Test worker] o.s.t.web.servlet.TestDispatcherServlet  : Initializing Servlet ''
2023-03-31T02:06:57.750+01:00  INFO 114986 --- [    Test worker] o.s.t.web.servlet.TestDispatcherServlet  : Completed initialization in 11 ms
2023-03-31T02:06:58.184+01:00  INFO 114986 --- [    Test worker] o.s.mock.web.MockServletContext          : Initializing Spring TestDispatcherServlet ''
2023-03-31T02:06:58.185+01:00  INFO 114986 --- [    Test worker] o.s.t.web.servlet.TestDispatcherServlet  : Initializing Servlet ''
2023-03-31T02:06:58.185+01:00  INFO 114986 --- [    Test worker] o.s.t.web.servlet.TestDispatcherServlet  : Completed initialization in 0 ms
]]></system-out>
  <system-err><![CDATA[]]></system-err>
</testsuite>
